<?xml version="1.0" encoding="UTF-8"?>
<!-- Generated by org.testng.reporters.JUnitXMLReporter -->
<testsuite hostname="CharlieulieiMac.home" ignored="0" name="Default test" tests="2" failures="0" timestamp="2020-04-30T11:42:43 CDT" time="0.043" errors="0">
  <testcase name="testHelloJenkins" time="0.01" classname="com.perscholas.jenkins_hello.HelloJenkinsTest"/>
  <testcase name="testHelloJenkinsAgain" time="0.001" classname="com.perscholas.jenkins_hello.HelloJenkinsTest"/>
</testsuite> <!-- Default test -->
