<?xml version="1.0" encoding="UTF-8"?>
<!-- Generated by org.testng.reporters.JUnitXMLReporter -->
<testsuite ignored="0" hostname="CharlieulieiMac.home" failures="0" tests="2" name="Command line test" time="0.042" errors="0" timestamp="2020-04-30T13:33:22 CDT">
  <testcase classname="com.perscholas.jenkins_hello.HelloJenkinsTest" name="testHelloJenkins" time="0.005"/>
  <testcase classname="com.perscholas.jenkins_hello.HelloJenkinsTest" name="testHelloJenkinsAgain" time="0.001"/>
</testsuite> <!-- Command line test -->
