<?xml version="1.0" encoding="UTF-8"?>
<testng-results ignored="0" total="2" passed="2" failed="0" skipped="0">
  <reporter-output>
  </reporter-output>
  <suite started-at="2020-04-30T13:33:22 CDT" name="com.perscholas.jenkins_hello.HelloJenkinsTest" finished-at="2020-04-30T13:33:22 CDT" duration-ms="42">
    <groups>
    </groups>
    <test started-at="2020-04-30T13:33:22 CDT" name="Command line test" finished-at="2020-04-30T13:33:22 CDT" duration-ms="42">
      <class name="com.perscholas.jenkins_hello.HelloJenkinsTest">
        <test-method signature="testHelloJenkins()[pri:0, instance:com.perscholas.jenkins_hello.HelloJenkinsTest@419c5f1a]" started-at="2020-04-30T13:33:22 CDT" name="testHelloJenkins" finished-at="2020-04-30T13:33:22 CDT" duration-ms="5" status="PASS">
          <reporter-output>
          </reporter-output>
        </test-method> <!-- testHelloJenkins -->
        <test-method signature="testHelloJenkinsAgain()[pri:0, instance:com.perscholas.jenkins_hello.HelloJenkinsTest@419c5f1a]" started-at="2020-04-30T13:33:22 CDT" name="testHelloJenkinsAgain" finished-at="2020-04-30T13:33:22 CDT" duration-ms="1" status="PASS">
          <reporter-output>
          </reporter-output>
        </test-method> <!-- testHelloJenkinsAgain -->
      </class> <!-- com.perscholas.jenkins_hello.HelloJenkinsTest -->
    </test> <!-- Command line test -->
  </suite> <!-- com.perscholas.jenkins_hello.HelloJenkinsTest -->
</testng-results>
